#
# A fatal error has been detected by the Java Runtime Environment:
#
#  EXCEPTION_ACCESS_VIOLATION (0xc0000005) at pc=0x6ac87383, pid=6940, tid=6516
#
# JRE version: 6.0_24-b07
# Java VM: Java HotSpot(TM) Client VM (19.1-b02 mixed mode windows-x86 )
# Problematic frame:
# C  [cuda_gauss_tracker.dll+0x7383]
#
# If you would like to submit a bug report, please visit:
#   http://java.sun.com/webapps/bugreport/crash.jsp
# The crash happened outside the Java Virtual Machine in native code.
# See problematic frame for where to report the bug.
#

---------------  T H R E A D  ---------------

Current thread (0x04e00c00):  JavaThread "AWT-EventQueue-0" [_thread_in_native, id=6516, stack(0x09e40000,0x09e90000)]

siginfo: ExceptionCode=0xc0000005, reading address 0x083ca000

Registers:
EAX=0x000512d0, EBX=0x0b011020, ECX=0x000000b4, EDX=0x0b0112f0
ESP=0x09e8dbcc, EBP=0x09e8dc08, ESI=0x08378d30, EDI=0x00000144
EIP=0x6ac87383, EFLAGS=0x00010287

Register to memory mapping:

EAX=0x000512d0
0x000512d0 is pointing to unknown location

EBX=0x0b011020
0x0b011020 is pointing to unknown location

ECX=0x000000b4
0x000000b4 is pointing to unknown location

EDX=0x0b0112f0
0x0b0112f0 is pointing to unknown location

ESP=0x09e8dbcc
0x09e8dbcc is pointing into the stack for thread: 0x04e00c00
"AWT-EventQueue-0" prio=6 tid=0x04e00c00 nid=0x1974 runnable [0x09e8d000]
   java.lang.Thread.State: RUNNABLE

EBP=0x09e8dc08
0x09e8dc08 is pointing into the stack for thread: 0x04e00c00
"AWT-EventQueue-0" prio=6 tid=0x04e00c00 nid=0x1974 runnable [0x09e8d000]
   java.lang.Thread.State: RUNNABLE

ESI=0x08378d30
0x08378d30 is pointing to unknown location

EDI=0x00000144
0x00000144 is pointing to unknown location


Top of Stack: (sp=0x09e8dbcc)
0x09e8dbcc:   5e45d81b 09e8dcbc 09e8dc10 00020000
0x09e8dbdc:   00000000 09e8dbc0 09e8dee8 00020000
0x09e8dbec:   00000002 42ff4002 00000002 00000400
0x09e8dbfc:   09e8dcfc 6acc29a8 ffffffff 09e8dd08
0x09e8dc0c:   6ac83a4e 42ff4002 00000002 00000200
0x09e8dc1c:   00000100 08378d30 083b8d30 08378d30
0x09e8dc2c:   083b8d30 083b8d30 00000000 09e8dc18
0x09e8dc3c:   09e8dc40 00000200 00000002 00000100 

Instructions: (pc=0x6ac87383)
0x6ac87373:   0f af c7 85 f6 7e 1c 03 c0 03 c0 8b d3 8b 75 18
0x6ac87383:   d9 04 30 41 d9 1a 8b 75 14 83 c0 04 83 c2 04 3b 


Stack: [0x09e40000,0x09e90000],  sp=0x09e8dbcc,  free space=310k
Native frames: (J=compiled Java code, j=interpreted, Vv=VM code, C=native code)
C  [cuda_gauss_tracker.dll+0x7383]
C  [cuda_gauss_tracker.dll+0x3a4e]
C  [cuda_gauss_tracker.dll+0x1a37]
C  [cuda_gauss_tracker.dll+0x13a1]
j  ParticleTracking.GPU_Analyse.cudaGaussFitter(Ljava/lang/String;Ljava/lang/String;FFFFII)Z+0
j  ParticleTracking.GPU_Analyse.cudaFindParticles(DZIILij/ImageStack;)LParticleTracking/ParticleArray;+99
j  ParticleTracking.GPU_Analyse.cudaFindParticles(ZIILij/ImageStack;)LParticleTracking/ParticleArray;+7
j  ui.UserInterface.viewDetections()V+64
j  ui.UserInterface.previewScrollBarAdjustmentValueChanged(Ljava/awt/event/AdjustmentEvent;)V+36
j  ui.UserInterface.previewToggleButtonActionPerformed(Ljava/awt/event/ActionEvent;)V+30
j  ui.UserInterface.access$100(Lui/UserInterface;Ljava/awt/event/ActionEvent;)V+2
j  ui.UserInterface$2.actionPerformed(Ljava/awt/event/ActionEvent;)V+5
j  javax.swing.AbstractButton.fireActionPerformed(Ljava/awt/event/ActionEvent;)V+84
j  javax.swing.AbstractButton$Handler.actionPerformed(Ljava/awt/event/ActionEvent;)V+5
j  javax.swing.DefaultButtonModel.fireActionPerformed(Ljava/awt/event/ActionEvent;)V+35
j  javax.swing.JToggleButton$ToggleButtonModel.setPressed(Z)V+148
j  javax.swing.plaf.basic.BasicButtonListener.mouseReleased(Ljava/awt/event/MouseEvent;)V+35
j  java.awt.Component.processMouseEvent(Ljava/awt/event/MouseEvent;)V+64
j  javax.swing.JComponent.processMouseEvent(Ljava/awt/event/MouseEvent;)V+23
j  java.awt.Component.processEvent(Ljava/awt/AWTEvent;)V+81
j  java.awt.Container.processEvent(Ljava/awt/AWTEvent;)V+18
j  java.awt.Component.dispatchEventImpl(Ljava/awt/AWTEvent;)V+566
j  java.awt.Container.dispatchEventImpl(Ljava/awt/AWTEvent;)V+42
j  java.awt.Component.dispatchEvent(Ljava/awt/AWTEvent;)V+2
j  java.awt.LightweightDispatcher.retargetMouseEvent(Ljava/awt/Component;ILjava/awt/event/MouseEvent;)V+320
j  java.awt.LightweightDispatcher.processMouseEvent(Ljava/awt/event/MouseEvent;)Z+139
j  java.awt.LightweightDispatcher.dispatchEvent(Ljava/awt/AWTEvent;)Z+50
j  java.awt.Container.dispatchEventImpl(Ljava/awt/AWTEvent;)V+12
j  java.awt.Window.dispatchEventImpl(Ljava/awt/AWTEvent;)V+19
j  java.awt.Component.dispatchEvent(Ljava/awt/AWTEvent;)V+2
j  java.awt.EventQueue.dispatchEventImpl(Ljava/awt/AWTEvent;Ljava/lang/Object;)V+41
j  java.awt.EventQueue.access$000(Ljava/awt/EventQueue;Ljava/awt/AWTEvent;Ljava/lang/Object;)V+3
j  java.awt.EventQueue$1.run()Ljava/lang/Void;+12
j  java.awt.EventQueue$1.run()Ljava/lang/Object;+1
v  ~StubRoutines::call_stub
V  [jvm.dll+0xf0ab9]
V  [jvm.dll+0x1837d1]
V  [jvm.dll+0xf0b3d]
V  [jvm.dll+0x1212df]
C  [java.dll+0x102f]
j  java.security.AccessControlContext$1.doIntersectionPrivilege(Ljava/security/PrivilegedAction;Ljava/security/AccessControlContext;Ljava/security/AccessControlContext;)Ljava/lang/Object;+28
j  java.security.AccessControlContext$1.doIntersectionPrivilege(Ljava/security/PrivilegedAction;Ljava/security/AccessControlContext;)Ljava/lang/Object;+6
j  java.awt.EventQueue$2.run()Ljava/lang/Void;+11
j  java.awt.EventQueue$2.run()Ljava/lang/Object;+1
v  ~StubRoutines::call_stub
V  [jvm.dll+0xf0ab9]
V  [jvm.dll+0x1837d1]
V  [jvm.dll+0xf0b3d]
V  [jvm.dll+0x1212df]
C  [java.dll+0x102f]
j  java.security.AccessControlContext$1.doIntersectionPrivilege(Ljava/security/PrivilegedAction;Ljava/security/AccessControlContext;Ljava/security/AccessControlContext;)Ljava/lang/Object;+28
j  java.awt.EventQueue.dispatchEvent(Ljava/awt/AWTEvent;)V+73
j  java.awt.EventDispatchThread.pumpOneEventForFilters(I)Z+204
j  java.awt.EventDispatchThread.pumpEventsForFilter(ILjava/awt/Conditional;Ljava/awt/EventFilter;)V+30
j  java.awt.EventDispatchThread.pumpEventsForFilter(Ljava/awt/Conditional;Ljava/awt/EventFilter;)V+4
j  java.awt.Dialog$1.run()V+23
j  java.awt.event.InvocationEvent.dispatch()V+47
j  java.awt.EventQueue.dispatchEventImpl(Ljava/awt/AWTEvent;Ljava/lang/Object;)V+21
j  java.awt.EventQueue.access$000(Ljava/awt/EventQueue;Ljava/awt/AWTEvent;Ljava/lang/Object;)V+3
j  java.awt.EventQueue$1.run()Ljava/lang/Void;+12
j  java.awt.EventQueue$1.run()Ljava/lang/Object;+1
v  ~StubRoutines::call_stub
V  [jvm.dll+0xf0ab9]
V  [jvm.dll+0x1837d1]
V  [jvm.dll+0xf0b3d]
V  [jvm.dll+0x1212df]
C  [java.dll+0x102f]
j  java.security.AccessControlContext$1.doIntersectionPrivilege(Ljava/security/PrivilegedAction;Ljava/security/AccessControlContext;Ljava/security/AccessControlContext;)Ljava/lang/Object;+28
j  java.security.AccessControlContext$1.doIntersectionPrivilege(Ljava/security/PrivilegedAction;Ljava/security/AccessControlContext;)Ljava/lang/Object;+6
j  java.awt.EventQueue$2.run()Ljava/lang/Void;+11
j  java.awt.EventQueue$2.run()Ljava/lang/Object;+1
v  ~StubRoutines::call_stub
V  [jvm.dll+0xf0ab9]
V  [jvm.dll+0x1837d1]
V  [jvm.dll+0xf0b3d]
V  [jvm.dll+0x1212df]
C  [java.dll+0x102f]
j  java.security.AccessControlContext$1.doIntersectionPrivilege(Ljava/security/PrivilegedAction;Ljava/security/AccessControlContext;Ljava/security/AccessControlContext;)Ljava/lang/Object;+28
j  java.awt.EventQueue.dispatchEvent(Ljava/awt/AWTEvent;)V+73
j  java.awt.EventDispatchThread.pumpOneEventForFilters(I)Z+204
j  java.awt.EventDispatchThread.pumpEventsForFilter(ILjava/awt/Conditional;Ljava/awt/EventFilter;)V+30
j  java.awt.EventDispatchThread.pumpEventsForHierarchy(ILjava/awt/Conditional;Ljava/awt/Component;)V+11
j  java.awt.EventDispatchThread.pumpEvents(ILjava/awt/Conditional;)V+4
j  java.awt.EventDispatchThread.pumpEvents(Ljava/awt/Conditional;)V+3
j  java.awt.EventDispatchThread.run()V+9
v  ~StubRoutines::call_stub
V  [jvm.dll+0xf0ab9]
V  [jvm.dll+0x1837d1]
V  [jvm.dll+0xf0c61]
V  [jvm.dll+0xf0cbb]
V  [jvm.dll+0x11b4b9]
V  [jvm.dll+0x1e4624]
V  [jvm.dll+0x18317c]
C  [msvcr71.dll+0x9565]
C  [kernel32.dll+0x133aa]
C  [ntdll.dll+0x38fc2]
C  [ntdll.dll+0x38f95]

Java frames: (J=compiled Java code, j=interpreted, Vv=VM code)
j  ParticleTracking.GPU_Analyse.cudaGaussFitter(Ljava/lang/String;Ljava/lang/String;FFFFII)Z+0
j  ParticleTracking.GPU_Analyse.cudaFindParticles(DZIILij/ImageStack;)LParticleTracking/ParticleArray;+99
j  ParticleTracking.GPU_Analyse.cudaFindParticles(ZIILij/ImageStack;)LParticleTracking/ParticleArray;+7
j  ui.UserInterface.viewDetections()V+64
j  ui.UserInterface.previewScrollBarAdjustmentValueChanged(Ljava/awt/event/AdjustmentEvent;)V+36
j  ui.UserInterface.previewToggleButtonActionPerformed(Ljava/awt/event/ActionEvent;)V+30
j  ui.UserInterface.access$100(Lui/UserInterface;Ljava/awt/event/ActionEvent;)V+2
j  ui.UserInterface$2.actionPerformed(Ljava/awt/event/ActionEvent;)V+5
j  javax.swing.AbstractButton.fireActionPerformed(Ljava/awt/event/ActionEvent;)V+84
j  javax.swing.AbstractButton$Handler.actionPerformed(Ljava/awt/event/ActionEvent;)V+5
j  javax.swing.DefaultButtonModel.fireActionPerformed(Ljava/awt/event/ActionEvent;)V+35
j  javax.swing.JToggleButton$ToggleButtonModel.setPressed(Z)V+148
j  javax.swing.plaf.basic.BasicButtonListener.mouseReleased(Ljava/awt/event/MouseEvent;)V+35
j  java.awt.Component.processMouseEvent(Ljava/awt/event/MouseEvent;)V+64
j  javax.swing.JComponent.processMouseEvent(Ljava/awt/event/MouseEvent;)V+23
j  java.awt.Component.processEvent(Ljava/awt/AWTEvent;)V+81
j  java.awt.Container.processEvent(Ljava/awt/AWTEvent;)V+18
j  java.awt.Component.dispatchEventImpl(Ljava/awt/AWTEvent;)V+566
j  java.awt.Container.dispatchEventImpl(Ljava/awt/AWTEvent;)V+42
j  java.awt.Component.dispatchEvent(Ljava/awt/AWTEvent;)V+2
j  java.awt.LightweightDispatcher.retargetMouseEvent(Ljava/awt/Component;ILjava/awt/event/MouseEvent;)V+320
j  java.awt.LightweightDispatcher.processMouseEvent(Ljava/awt/event/MouseEvent;)Z+139
j  java.awt.LightweightDispatcher.dispatchEvent(Ljava/awt/AWTEvent;)Z+50
j  java.awt.Container.dispatchEventImpl(Ljava/awt/AWTEvent;)V+12
j  java.awt.Window.dispatchEventImpl(Ljava/awt/AWTEvent;)V+19
j  java.awt.Component.dispatchEvent(Ljava/awt/AWTEvent;)V+2
j  java.awt.EventQueue.dispatchEventImpl(Ljava/awt/AWTEvent;Ljava/lang/Object;)V+41
j  java.awt.EventQueue.access$000(Ljava/awt/EventQueue;Ljava/awt/AWTEvent;Ljava/lang/Object;)V+3
j  java.awt.EventQueue$1.run()Ljava/lang/Void;+12
j  java.awt.EventQueue$1.run()Ljava/lang/Object;+1
v  ~StubRoutines::call_stub
j  java.security.AccessController.doPrivileged(Ljava/security/PrivilegedAction;Ljava/security/AccessControlContext;)Ljava/lang/Object;+0
j  java.security.AccessControlContext$1.doIntersectionPrivilege(Ljava/security/PrivilegedAction;Ljava/security/AccessControlContext;Ljava/security/AccessControlContext;)Ljava/lang/Object;+28
j  java.security.AccessControlContext$1.doIntersectionPrivilege(Ljava/security/PrivilegedAction;Ljava/security/AccessControlContext;)Ljava/lang/Object;+6
j  java.awt.EventQueue$2.run()Ljava/lang/Void;+11
j  java.awt.EventQueue$2.run()Ljava/lang/Object;+1
v  ~StubRoutines::call_stub
j  java.security.AccessController.doPrivileged(Ljava/security/PrivilegedAction;Ljava/security/AccessControlContext;)Ljava/lang/Object;+0
j  java.security.AccessControlContext$1.doIntersectionPrivilege(Ljava/security/PrivilegedAction;Ljava/security/AccessControlContext;Ljava/security/AccessControlContext;)Ljava/lang/Object;+28
j  java.awt.EventQueue.dispatchEvent(Ljava/awt/AWTEvent;)V+73
j  java.awt.EventDispatchThread.pumpOneEventForFilters(I)Z+204
j  java.awt.EventDispatchThread.pumpEventsForFilter(ILjava/awt/Conditional;Ljava/awt/EventFilter;)V+30
j  java.awt.EventDispatchThread.pumpEventsForFilter(Ljava/awt/Conditional;Ljava/awt/EventFilter;)V+4
j  java.awt.Dialog$1.run()V+23
j  java.awt.event.InvocationEvent.dispatch()V+47
j  java.awt.EventQueue.dispatchEventImpl(Ljava/awt/AWTEvent;Ljava/lang/Object;)V+21
j  java.awt.EventQueue.access$000(Ljava/awt/EventQueue;Ljava/awt/AWTEvent;Ljava/lang/Object;)V+3
j  java.awt.EventQueue$1.run()Ljava/lang/Void;+12
j  java.awt.EventQueue$1.run()Ljava/lang/Object;+1
v  ~StubRoutines::call_stub
j  java.security.AccessController.doPrivileged(Ljava/security/PrivilegedAction;Ljava/security/AccessControlContext;)Ljava/lang/Object;+0
j  java.security.AccessControlContext$1.doIntersectionPrivilege(Ljava/security/PrivilegedAction;Ljava/security/AccessControlContext;Ljava/security/AccessControlContext;)Ljava/lang/Object;+28
j  java.security.AccessControlContext$1.doIntersectionPrivilege(Ljava/security/PrivilegedAction;Ljava/security/AccessControlContext;)Ljava/lang/Object;+6
j  java.awt.EventQueue$2.run()Ljava/lang/Void;+11
j  java.awt.EventQueue$2.run()Ljava/lang/Object;+1
v  ~StubRoutines::call_stub
j  java.security.AccessController.doPrivileged(Ljava/security/PrivilegedAction;Ljava/security/AccessControlContext;)Ljava/lang/Object;+0
j  java.security.AccessControlContext$1.doIntersectionPrivilege(Ljava/security/PrivilegedAction;Ljava/security/AccessControlContext;Ljava/security/AccessControlContext;)Ljava/lang/Object;+28
j  java.awt.EventQueue.dispatchEvent(Ljava/awt/AWTEvent;)V+73
j  java.awt.EventDispatchThread.pumpOneEventForFilters(I)Z+204
j  java.awt.EventDispatchThread.pumpEventsForFilter(ILjava/awt/Conditional;Ljava/awt/EventFilter;)V+30
j  java.awt.EventDispatchThread.pumpEventsForHierarchy(ILjava/awt/Conditional;Ljava/awt/Component;)V+11
j  java.awt.EventDispatchThread.pumpEvents(ILjava/awt/Conditional;)V+4
j  java.awt.EventDispatchThread.pumpEvents(Ljava/awt/Conditional;)V+3
j  java.awt.EventDispatchThread.run()V+9
v  ~StubRoutines::call_stub

---------------  P R O C E S S  ---------------

Java Threads: ( => current thread )
  0x0d1f1400 JavaThread "TimerQueue" daemon [_thread_blocked, id=6568, stack(0x0af70000,0x0afc0000)]
  0x04df4400 JavaThread "D3D Screen Updater" daemon [_thread_blocked, id=8556, stack(0x0cf80000,0x0cfd0000)]
=>0x04e00c00 JavaThread "AWT-EventQueue-0" [_thread_in_native, id=6516, stack(0x09e40000,0x09e90000)]
  0x04df5c00 JavaThread "AWT-Windows" daemon [_thread_in_native, id=3576, stack(0x086e0000,0x08730000)]
  0x04df5400 JavaThread "AWT-Shutdown" [_thread_blocked, id=6888, stack(0x085e0000,0x08630000)]
  0x02629800 JavaThread "Java2D Disposer" daemon [_thread_blocked, id=292, stack(0x08140000,0x08190000)]
  0x02605000 JavaThread "Low Memory Detector" daemon [_thread_blocked, id=2180, stack(0x04c80000,0x04cd0000)]
  0x02600400 JavaThread "CompilerThread0" daemon [_thread_blocked, id=5396, stack(0x04bf0000,0x04c40000)]
  0x025fd400 JavaThread "Attach Listener" daemon [_thread_blocked, id=7812, stack(0x04b60000,0x04bb0000)]
  0x025fa400 JavaThread "Signal Dispatcher" daemon [_thread_blocked, id=10040, stack(0x04ad0000,0x04b20000)]
  0x025cf000 JavaThread "Finalizer" daemon [_thread_blocked, id=7152, stack(0x04a40000,0x04a90000)]
  0x025ca400 JavaThread "Reference Handler" daemon [_thread_blocked, id=9416, stack(0x02630000,0x02680000)]
  0x0254e400 JavaThread "main" [_thread_blocked, id=6548, stack(0x00370000,0x003c0000)]

Other Threads:
  0x025c5c00 VMThread [stack: 0x00530000,0x00580000] [id=9704]
  0x02616c00 WatcherThread [stack: 0x04d10000,0x04d60000] [id=7716]

VM state:not at safepoint (normal execution)

VM Mutex/Monitor currently owned by a thread: None

Heap
 def new generation   total 37568K, used 9892K [0x10010000, 0x128d0000, 0x20ab0000)
  eden space 33408K,  17% used [0x10010000, 0x105b18b0, 0x120b0000)
  from space 4160K,  99% used [0x120b0000, 0x124b7848, 0x124c0000)
  to   space 4160K,   0% used [0x124c0000, 0x124c0000, 0x128d0000)
 tenured generation   total 83424K, used 73126K [0x20ab0000, 0x25c28000, 0x42010000)
   the space 83424K,  87% used [0x20ab0000, 0x25219ac8, 0x25219c00, 0x25c28000)
 compacting perm gen  total 12288K, used 9966K [0x42010000, 0x42c10000, 0x46010000)
   the space 12288K,  81% used [0x42010000, 0x429cbbf0, 0x429cbc00, 0x42c10000)
No shared spaces configured.

Dynamic libraries:
0x00400000 - 0x00424000 	C:\Program Files (x86)\Java\jdk1.6.0_24\bin\java.exe
0x76fc0000 - 0x77140000 	C:\Windows\SysWOW64\ntdll.dll
0x747b0000 - 0x748c0000 	C:\Windows\syswow64\kernel32.dll
0x755e0000 - 0x75627000 	C:\Windows\syswow64\KERNELBASE.dll
0x762d0000 - 0x76371000 	C:\Windows\syswow64\ADVAPI32.dll
0x75df0000 - 0x75e9c000 	C:\Windows\syswow64\msvcrt.dll
0x75510000 - 0x75529000 	C:\Windows\SysWOW64\sechost.dll
0x761d0000 - 0x762c0000 	C:\Windows\syswow64\RPCRT4.dll
0x74660000 - 0x746c0000 	C:\Windows\syswow64\SspiCli.dll
0x74650000 - 0x7465c000 	C:\Windows\syswow64\CRYPTBASE.dll
0x7c340000 - 0x7c396000 	C:\Program Files (x86)\Java\jdk1.6.0_24\jre\bin\msvcr71.dll
0x6d8a0000 - 0x6db46000 	C:\Program Files (x86)\Java\jdk1.6.0_24\jre\bin\client\jvm.dll
0x75cf0000 - 0x75df0000 	C:\Windows\syswow64\USER32.dll
0x75630000 - 0x756c0000 	C:\Windows\syswow64\GDI32.dll
0x762c0000 - 0x762ca000 	C:\Windows\syswow64\LPK.dll
0x765b0000 - 0x7664d000 	C:\Windows\syswow64\USP10.dll
0x720e0000 - 0x72112000 	C:\Windows\system32\WINMM.dll
0x75910000 - 0x75970000 	C:\Windows\system32\IMM32.DLL
0x764e0000 - 0x765ac000 	C:\Windows\syswow64\MSCTF.dll
0x6c4c0000 - 0x6c50c000 	C:\Windows\system32\apphelp.dll
0x10000000 - 0x10008000 	C:\Windows\KATRACK.DLL
0x74490000 - 0x744d6000 	C:\PROGRA~2\Sophos\SOPHOS~1\SOPHOS~1.DLL
0x759d0000 - 0x759d5000 	C:\Windows\syswow64\PSAPI.DLL
0x6d850000 - 0x6d85c000 	C:\Program Files (x86)\Java\jdk1.6.0_24\jre\bin\verify.dll
0x6d3d0000 - 0x6d3ef000 	C:\Program Files (x86)\Java\jdk1.6.0_24\jre\bin\java.dll
0x6d330000 - 0x6d338000 	C:\Program Files (x86)\Java\jdk1.6.0_24\jre\bin\hpi.dll
0x6d890000 - 0x6d89f000 	C:\Program Files (x86)\Java\jdk1.6.0_24\jre\bin\zip.dll
0x6ac80000 - 0x6acfd000 	C:\Users\barry05\Documents\Visual Studio 2010\Projects\bin\win32\Release\cuda_gauss_tracker.dll
0x64f30000 - 0x64f71000 	C:\Program Files\NVIDIA GPU Computing Toolkit\CUDA\v6.0\bin\cudart32_60.dll
0x55d30000 - 0x560a9000 	C:\Users\barry05\OpenCV\binaries\bin\Release\opencv_core240.dll
0x04f60000 - 0x04fd3000 	C:\ProgramData\NVIDIA Corporation\NVIDIA GPU Computing SDK 4.2\C\common\bin\cudart32_42_9.dll
0x04fe0000 - 0x08033000 	C:\ProgramData\NVIDIA Corporation\NVIDIA GPU Computing SDK 4.2\C\common\bin\npp32_42_9.dll
0x68b70000 - 0x68bd9000 	C:\Windows\system32\MSVCP100.dll
0x6bd10000 - 0x6bdcf000 	C:\Windows\system32\MSVCR100.dll
0x62530000 - 0x62768000 	C:\Users\barry05\OpenCV\binaries\bin\Release\opencv_imgproc240.dll
0x62420000 - 0x62525000 	C:\Users\barry05\OpenCV\binaries\bin\Release\opencv_highgui240.dll
0x76380000 - 0x764dc000 	C:\Windows\syswow64\ole32.dll
0x75a80000 - 0x75b0f000 	C:\Windows\syswow64\OLEAUT32.dll
0x71f40000 - 0x720de000 	C:\Windows\WinSxS\x86_microsoft.windows.common-controls_6595b64144ccf1df_6.0.7601.18837_none_41e855142bd5705d\COMCTL32.dll
0x759e0000 - 0x75a37000 	C:\Windows\syswow64\SHLWAPI.dll
0x6b730000 - 0x6b749000 	C:\Windows\system32\AVIFIL32.dll
0x6b710000 - 0x6b724000 	C:\Windows\system32\MSACM32.dll
0x6b2e0000 - 0x6b301000 	C:\Windows\system32\MSVFW32.dll
0x748c0000 - 0x7550b000 	C:\Windows\syswow64\SHELL32.dll
0x6b340000 - 0x6b353000 	C:\Windows\system32\AVICAP32.dll
0x74540000 - 0x74549000 	C:\Windows\system32\VERSION.dll
0x6d0b0000 - 0x6d1fa000 	C:\Program Files (x86)\Java\jdk1.6.0_24\jre\bin\awt.dll
0x744e0000 - 0x74531000 	C:\Windows\system32\WINSPOOL.DRV
0x69510000 - 0x69523000 	C:\Windows\system32\DWMAPI.DLL
0x688c0000 - 0x68940000 	C:\Windows\system32\uxtheme.dll
0x6d2e0000 - 0x6d32f000 	C:\Program Files (x86)\Java\jdk1.6.0_24\jre\bin\fontmanager.dll
0x66280000 - 0x66443000 	C:\Windows\system32\d3d9.dll
0x6b700000 - 0x6b706000 	C:\Windows\system32\d3d8thk.dll
0x50160000 - 0x50ed1000 	C:\Windows\system32\nvd3dum.dll
0x6b2b0000 - 0x6b2d5000 	C:\Windows\system32\powrprof.dll
0x75ea0000 - 0x7603d000 	C:\Windows\syswow64\SETUPAPI.dll
0x74750000 - 0x74777000 	C:\Windows\syswow64\CFGMGR32.dll
0x75b10000 - 0x75b22000 	C:\Windows\syswow64\DEVOBJ.dll
0x6a4f0000 - 0x6a62a000 	C:\Program Files (x86)\NVIDIA Corporation\3D Vision\nvSCPAPI.dll
0x61430000 - 0x61719000 	C:\Windows\system32\nvapi.dll
0x74780000 - 0x747af000 	C:\Windows\syswow64\WINTRUST.dll
0x756c0000 - 0x757e1000 	C:\Windows\syswow64\CRYPT32.dll
0x761c0000 - 0x761cc000 	C:\Windows\syswow64\MSASN1.dll
0x75560000 - 0x755db000 	C:\Windows\syswow64\COMDLG32.DLL
0x746c0000 - 0x74743000 	C:\Windows\syswow64\CLBCatQ.DLL
0x73650000 - 0x73781000 	C:\Windows\system32\WindowsCodecs.dll
0x772c0000 - 0x77443000 	C:\Users\barry05\AppData\Local\Microsoft\OneDrive\17.3.5907.0716\FileSyncShell.dll
0x69a50000 - 0x69ac1000 	C:\Users\barry05\AppData\Local\Microsoft\OneDrive\17.3.5907.0716\MSVCP120.dll
0x69960000 - 0x69a4e000 	C:\Users\barry05\AppData\Local\Microsoft\OneDrive\17.3.5907.0716\MSVCR120.dll
0x68c00000 - 0x68c4c000 	C:\Users\barry05\AppData\Local\Microsoft\OneDrive\17.3.5907.0716\Telemetry.dll
0x69ad0000 - 0x69aea000 	C:\Users\barry05\AppData\Local\Microsoft\OneDrive\17.3.5907.0716\LoggingPlatform.DLL
0x6bd00000 - 0x6bd07000 	C:\Windows\system32\WSOCK32.dll
0x75a40000 - 0x75a75000 	C:\Windows\syswow64\WS2_32.dll
0x76f90000 - 0x76f96000 	C:\Windows\syswow64\NSI.dll
0x68be0000 - 0x68bf5000 	C:\Windows\system32\Cabinet.dll
0x72e20000 - 0x72e78000 	C:\Windows\system32\WINHTTP.dll
0x72dd0000 - 0x72e1f000 	C:\Windows\system32\webio.dll
0x757f0000 - 0x7590b000 	C:\Windows\syswow64\WININET.dll
0x75970000 - 0x75973000 	C:\Windows\syswow64\Normaliz.dll
0x75b30000 - 0x75ceb000 	C:\Windows\syswow64\iertutil.dll
0x760a0000 - 0x761ba000 	C:\Windows\syswow64\urlmon.dll
0x6af00000 - 0x6af31000 	C:\Users\barry05\AppData\Roaming\Dropbox\bin\DropboxExt.27.dll
0x50000000 - 0x50031000 	C:\Windows\system32\EhStorShell.dll
0x68430000 - 0x68525000 	C:\Windows\system32\PROPSYS.dll
0x54220000 - 0x54290000 	C:\Windows\system32\ntshrui.dll
0x729e0000 - 0x729f9000 	C:\Windows\system32\srvcli.dll
0x6b880000 - 0x6b88b000 	C:\Windows\system32\cscapi.dll
0x664c0000 - 0x664ca000 	C:\Windows\system32\slc.dll
0x74460000 - 0x74481000 	C:\Windows\system32\ntmarta.dll
0x75980000 - 0x759c5000 	C:\Windows\syswow64\WLDAP32.dll
0x73450000 - 0x7345b000 	C:\Windows\system32\profapi.dll
0x73410000 - 0x73427000 	C:\Windows\system32\CRYPTSP.dll
0x733d0000 - 0x7340b000 	C:\Windows\system32\rsaenh.dll
0x733c0000 - 0x733ce000 	C:\Windows\system32\RpcRtRemote.dll
0x585e0000 - 0x5863c000 	C:\Windows\System32\StructuredQuery.dll
0x71850000 - 0x71858000 	C:\Windows\System32\Secur32.dll
0x6b7c0000 - 0x6b7c6000 	C:\Windows\system32\IconCodecService.dll
0x675a0000 - 0x675ee000 	C:\Windows\SysWOW64\actxprxy.dll
0x640a0000 - 0x640d3000 	C:\Program Files (x86)\Internet Explorer\ieproxy.dll
0x63560000 - 0x63576000 	C:\Windows\SysWOW64\thumbcache.dll
0x632b0000 - 0x63350000 	C:\Windows\system32\SearchFolder.dll
0x54290000 - 0x542bf000 	C:\Windows\system32\SHDOCVW.dll
0x598a0000 - 0x5a1f0000 	C:\Windows\system32\ieframe.DLL
0x71f00000 - 0x71f3c000 	C:\Windows\system32\OLEACC.dll
0x6d6b0000 - 0x6d6c3000 	C:\Program Files (x86)\Java\jdk1.6.0_24\jre\bin\net.dll
0x71ad0000 - 0x71af2000 	C:\ProgramData\Sophos\Web Intelligence\swi_ifslsp.dll
0x71a90000 - 0x71acc000 	C:\Windows\system32\mswsock.dll
0x6edb0000 - 0x6edb6000 	C:\Windows\System32\wship6.dll
0x6d6d0000 - 0x6d6d9000 	C:\Program Files (x86)\Java\jdk1.6.0_24\jre\bin\nio.dll
0x54300000 - 0x54d4d000 	C:\Windows\system32\nvcuda.dll

VM Arguments:
jvm_args: -Dfile.encoding=UTF-8 -Djava.library.path=C:\Users\barry05\Documents\Visual Studio 2010\Projects\bin\win32\Release -Xmx800m 
java_command: ParticleTracking.GPU_Analyse
Launcher Type: SUN_STANDARD

Environment Variables:
CLASSPATH=.;C:\Program Files\Java\jdk1.7.0_04\lib\tools.jar;C:\Program Files (x86)\QuickTime\QTSystem\QTJava.zip;C:\Users\barry05\ImageJ\;C:\Program Files (x86)\Java\jre1.8.0_25\lib\ext\QTJava.zip
PATH=C:\Program Files\NVIDIA GPU Computing Toolkit\CUDA\v7.0\bin;C:\Program Files\NVIDIA GPU Computing Toolkit\CUDA\v7.0\libnvvp;C:\ProgramData\Oracle\Java\javapath;C:\Program Files\NVIDIA GPU Computing Toolkit\CUDA\v6.0\bin;C:\Program Files\NVIDIA GPU Computing Toolkit\CUDA\v6.0\libnvvp;C:\Program Files (x86)\DNASTAR\SeqMan NGen 4;C:\Program Files (x86)\DNASTAR\Lasergene 10;C:\Program Files\ImageMagick-6.7.8-Q16;C:\Program Files\NVIDIA GPU Computing Toolkit\CUDA\v4.1\bin;C:\Program Files\NVIDIA GPU Computing Toolkit\CUDA\v4.1\libnvvp\;C:\Windows\system32;C:\Windows;C:\Windows\System32\Wbem;C:\Windows\System32\WindowsPowerShell\v1.0\;C:\Program Files (x86)\CMake 2.8\bin;C:\Program Files (x86)\MiKTeX 2.9\miktex\bin\;C:\Program Files\MATLAB\R2012a\bin;c:\Program Files (x86)\Microsoft SQL Server\100\Tools\Binn\;c:\Program Files\Microsoft SQL Server\100\Tools\Binn\;c:\Program Files\Microsoft SQL Server\100\DTS\Binn\;C:\Users\barry05\OpenCV\binaries\bin\Release;C:\Users\barry05\OpenCV\binaries\bin\Debug;C:\ProgramData\NVIDIA Corporation\NVIDIA GPU Computing SDK 4.2\C\common\bin;C:\ProgramData\NVIDIA Corporation\NVIDIA GPU Computing SDK 4.1\C\common\bin;C:\Program Files\Mercurial\;C:\VTKBuild\bin\Debug;C:\Program Files\doxygen\bin;C:\Program Files\TortoiseHg\;C:\Program Files (x86)\boost_1_50_0\;C:\Users\barry05\Documents\Visual Studio 2010\Projects\bin\win32\Release\;C:\Windows\System32\WindowsPowerShell\v1.0\;C:\Windows\System32\WindowsPowerShell\v1.0\;C:\Program Files (x86)\Java\jdk1.7.0_04\bin\;C:\Strawberry\perl\bin;C:\Strawberry\perl\site\bin;C:\Strawberry\c\bin;C:\Qt\5.2.1\mingw48_32\bin;C:\program files\Anaconda;C:\program files\Anaconda\Scripts;C:\Program Files (x86)\QuickTime\QTSystem\;C:\Windows\System32\WindowsPowerShell\v1.0\;C:\Windows\System32\WindowsPowerShell\v1.0\;C:\Users\barry05\ffmpeg\bin
USERNAME=barry05
OS=Windows_NT
PROCESSOR_IDENTIFIER=Intel64 Family 6 Model 26 Stepping 5, GenuineIntel



---------------  S Y S T E M  ---------------

OS: Windows 7 Build 7601 Service Pack 1

CPU:total 4 (4 cores per cpu, 2 threads per core) family 6 model 26 stepping 5, cmov, cx8, fxsr, mmx, sse, sse2, sse3, ssse3, sse4.1, sse4.2, popcnt, ht

Memory: 4k page, physical 8371428k(2277568k free), swap 16740996k(11505924k free)

vm_info: Java HotSpot(TM) Client VM (19.1-b02) for windows-x86 JRE (1.6.0_24-b07), built on Feb  2 2011 17:44:41 by "java_re" with MS VC++ 7.1 (VS2003)

time: Thu Aug 13 16:06:00 2015
elapsed time: 17 seconds

